<?xml version="1.0" encoding="UTF-8"?>
<!-- Generated by org.testng.reporters.JUnitReportReporter -->
<testsuite hostname="LAPTOP-CH5ODTAG" failures="0" tests="6" name="com.githubAutomation.testCases.LandingPageTest" time="7.416" errors="0" timestamp="2021-06-07T18:35:30 IST" skipped="0">
  <testcase classname="com.githubAutomation.testCases.LandingPageTest" name="verifyingLandingPage" time="0.099"/>
  <system-out/>
  <testcase classname="com.githubAutomation.testCases.LandingPageTest" name="verifyingRepoResults" time="0.778"/>
  <system-out/>
  <testcase classname="com.githubAutomation.testCases.LandingPageTest" name="validatingRepository" time="1.381"/>
  <system-out/>
  <testcase classname="com.githubAutomation.testCases.LandingPageTest" name="verifyingStar" time="2.764"/>
  <system-out/>
  <testcase classname="com.githubAutomation.testCases.LandingPageTest" name="verifyingUnstar" time="0.308"/>
  <system-out/>
  <testcase classname="com.githubAutomation.testCases.LandingPageTest" name="verifyingFileSearchField" time="2.086"/>
  <system-out/>
</testsuite> <!-- com.githubAutomation.testCases.LandingPageTest -->
